$_SERVER:
Array
(
    [UNIQUE_ID] => aMX5O9Yd_dDpl4xvQqOMzQAAAAU
    [SCRIPT_URL] => /otus/homework2/
    [SCRIPT_URI] => http://192.168.0.248/otus/homework2/
    [REMOTE_USER] => 
    [BX_PUSH_SECURITY_KEY] => oh6Pa1t6OkPBDbfCp1CqnNklPTRdvV5vPmAnWTnzc0YQ0JCcji6pfDjo8mofHFzIlqbsM0FU5T7oYm9SBM4VILVOKxDo0lhTDCbalqdpsh4GpBf5zunJPHA25SCaW4be
    [BITRIX_VA_VER] => 9.0.7
    [BITRIX_ENV_TYPE] => general
    [AUTHBIND_UNAVAILABLE] => yes
    [HTTP_X_FORWARDED_FOR] => 192.168.0.105
    [HTTP_HOST] => 192.168.0.248:80
    [HTTP_CONNECTION] => close
    [HTTP_CACHE_CONTROL] => max-age=0
    [HTTP_UPGRADE_INSECURE_REQUESTS] => 1
    [HTTP_USER_AGENT] => Mozilla/5.0 (Windows NT 10.0; Win64; x64) AppleWebKit/537.36 (KHTML, like Gecko) Chrome/140.0.0.0 Safari/537.36
    [HTTP_ACCEPT] => text/html,application/xhtml+xml,application/xml;q=0.9,image/avif,image/webp,image/apng,*/*;q=0.8,application/signed-exchange;v=b3;q=0.7
    [HTTP_REFERER] => http://192.168.0.248/otus/
    [HTTP_ACCEPT_ENCODING] => gzip, deflate
    [HTTP_ACCEPT_LANGUAGE] => ru-RU,ru;q=0.9,en-US;q=0.8,en;q=0.7
    [HTTP_COOKIE] => BITRIX_SM_SOUND_LOGIN_PLAYED=Y; BITRIX_SM_TZ=Europe/Moscow; BITRIX_SM_LOGIN=admin; PHPSESSID=6uSZYqb5HZ7NwC6I2hTd0mgr7znMb6FH; BITRIX_CONVERSION_CONTEXT_s1=%7B%22ID%22%3A1%2C%22EXPIRE%22%3A1757883540%2C%22UNIQUE%22%3A%5B%22conversion_visit_day%22%5D%7D
    [PATH] => /usr/local/sbin:/usr/local/bin:/usr/sbin:/usr/bin
    [SERVER_SIGNATURE] => <address>Apache Server at 192.168.0.248 Port 80</address>

    [SERVER_SOFTWARE] => Apache
    [SERVER_NAME] => 192.168.0.248
    [SERVER_ADDR] => 127.0.0.1
    [SERVER_PORT] => 80
    [REMOTE_ADDR] => 192.168.0.105
    [DOCUMENT_ROOT] => /home/bitrix/www
    [REQUEST_SCHEME] => http
    [CONTEXT_PREFIX] => 
    [CONTEXT_DOCUMENT_ROOT] => /home/bitrix/www
    [SERVER_ADMIN] => webmaster@localhost
    [SCRIPT_FILENAME] => /home/bitrix/www/otus/homework2/index.php
    [REMOTE_PORT] => 40932
    [GATEWAY_INTERFACE] => CGI/1.1
    [SERVER_PROTOCOL] => HTTP/1.0
    [REQUEST_METHOD] => GET
    [QUERY_STRING] => 
    [REQUEST_URI] => /otus/homework2/
    [SCRIPT_NAME] => /otus/homework2/index.php
    [PHP_SELF] => /otus/homework2/index.php
    [REQUEST_TIME_FLOAT] => 1757804859.529
    [REQUEST_TIME] => 1757804859
)


